Jino Lu	https://uscmarshallweb.s3-us-west-2.amazonaws.com/assets/uploads/s1/cv/jino_lu.jino_lu-cv_hr25zfcooh.pdf	No /Root object! - Is this really a PDF?
Yang Li	https://yelilab.wustl.edu/	HTTPSConnectionPool(host='api.scrapingant.com', port=443): Read timed out. (read timeout=30)
Yajie Yuan	https://sites.google.com/view/yajieyuan	422 Client Error: Unprocessable Entity for url: https://api.scrapingant.com/v2/general?url=https%3A%2F%2Fsites.google.com%2Fview%2Fyajieyuan&x-api-key=cd2d9aca82fc4ce08088958e5ddefa1b&render_js=true&block_assets=true
Shuiming Qian	https://biology.wustl.edu/people/shuiming-qian	HTTPSConnectionPool(host='api.scrapingant.com', port=443): Read timed out. (read timeout=30)
Kefu Du	https://siteman.wustl.edu/doctor/du-kefu/	HTTPSConnectionPool(host='api.scrapingant.com', port=443): Read timed out. (read timeout=30)
Jue Lu	https://ealc.wustl.edu/people/jue-lu	409 Client Error: Conflict for url: https://api.scrapingant.com/v2/general?url=https%3A%2F%2Fealc.wustl.edu%2Fpeople%2Fjue-lu&x-api-key=cd2d9aca82fc4ce08088958e5ddefa1b&render_js=true&block_assets=true
Alan Chang	https://sites.google.com/view/alanchang	422 Client Error: Unprocessable Entity for url: https://api.scrapingant.com/v2/general?url=https%3A%2F%2Fsites.google.com%2Fview%2Falanchang&x-api-key=cd2d9aca82fc4ce08088958e5ddefa1b&render_js=true&block_assets=true
Xuehua  Zhong	https://artsci.wustl.edu/faculty-staff/xuehua-zhong	HTTPSConnectionPool(host='api.scrapingant.com', port=443): Read timed out. (read timeout=30)
Yan Yu	https://chemistry.wustl.edu/people/yan-yu	409 Client Error: Conflict for url: https://api.scrapingant.com/v2/general?url=https%3A%2F%2Fchemistry.wustl.edu%2Fpeople%2Fyan-yu&x-api-key=cd2d9aca82fc4ce08088958e5ddefa1b&render_js=true&block_assets=true
Zhiyu Dai	https://sites.wustl.edu/zhiyudai/	409 Client Error: Conflict for url: https://api.scrapingant.com/v2/general?url=https%3A%2F%2Fsites.wustl.edu%2Fzhiyudai%2F&x-api-key=cd2d9aca82fc4ce08088958e5ddefa1b&render_js=true&block_assets=true
Zhongsheng You	http://youlab.wustl.edu	409 Client Error: Conflict for url: https://api.scrapingant.com/v2/general?url=http%3A%2F%2Fyoulab.wustl.edu&x-api-key=cd2d9aca82fc4ce08088958e5ddefa1b&render_js=true&block_assets=true
Zhen He	https://ebbl.eece.wustl.edu/	409 Client Error: Conflict for url: https://api.scrapingant.com/v2/general?url=https%3A%2F%2Febbl.eece.wustl.edu%2F&x-api-key=cd2d9aca82fc4ce08088958e5ddefa1b&render_js=true&block_assets=true
Yu-Qing Cao	https://sites.wustl.edu/dbrcaolab/	409 Client Error: Conflict for url: https://api.scrapingant.com/v2/general?url=https%3A%2F%2Fsites.wustl.edu%2Fdbrcaolab%2F&x-api-key=cd2d9aca82fc4ce08088958e5ddefa1b&render_js=true&block_assets=true
Xing Huang	https://www.xinghuang.info	409 Client Error: Conflict for url: https://api.scrapingant.com/v2/general?url=https%3A%2F%2Fwww.xinghuang.info&x-api-key=cd2d9aca82fc4ce08088958e5ddefa1b&render_js=true&block_assets=true
Xiaoxiao Wan	https://pathology.wustl.edu/people/xiaoxiao-wan-phd/	409 Client Error: Conflict for url: https://api.scrapingant.com/v2/general?url=https%3A%2F%2Fpathology.wustl.edu%2Fpeople%2Fxiaoxiao-wan-phd%2F&x-api-key=cd2d9aca82fc4ce08088958e5ddefa1b&render_js=true&block_assets=true
Xiaoxia Cui	https://sites.wustl.edu/gesc	409 Client Error: Conflict for url: https://api.scrapingant.com/v2/general?url=https%3A%2F%2Fsites.wustl.edu%2Fgesc&x-api-key=cd2d9aca82fc4ce08088958e5ddefa1b&render_js=true&block_assets=true
Xiaobo Wu	https://rheumatology.wustl.edu/people/xiaobo-wu-md/	409 Client Error: Conflict for url: https://api.scrapingant.com/v2/general?url=https%3A%2F%2Frheumatology.wustl.edu%2Fpeople%2Fxiaobo-wu-md%2F&x-api-key=cd2d9aca82fc4ce08088958e5ddefa1b&render_js=true&block_assets=true
Xiang Hui	https://xiang-hui.org	409 Client Error: Conflict for url: https://api.scrapingant.com/v2/general?url=https%3A%2F%2Fxiang-hui.org&x-api-key=cd2d9aca82fc4ce08088958e5ddefa1b&render_js=true&block_assets=true
Weikai Li	https://weikailab.wustl.edu/	409 Client Error: Conflict for url: https://api.scrapingant.com/v2/general?url=https%3A%2F%2Fweikailab.wustl.edu%2F&x-api-key=cd2d9aca82fc4ce08088958e5ddefa1b&render_js=true&block_assets=true
Ting Wang	http://wang.wustl.edu	HTTPSConnectionPool(host='api.scrapingant.com', port=443): Read timed out. (read timeout=30)
Tiezhi Zhang	https://axil.wustl.edu	409 Client Error: Conflict for url: https://api.scrapingant.com/v2/general?url=https%3A%2F%2Faxil.wustl.edu&x-api-key=cd2d9aca82fc4ce08088958e5ddefa1b&render_js=true&block_assets=true
Tat Chan	https://olin.wustl.edu/EN-US/Faculty-Research/Faculty/Pages/FacultyDetail.aspx?username=chan	409 Client Error: Conflict for url: https://api.scrapingant.com/v2/general?url=https%3A%2F%2Folin.wustl.edu%2FEN-US%2FFaculty-Research%2FFaculty%2FPages%2FFacultyDetail.aspx%3Fusername%3Dchan&x-api-key=cd2d9aca82fc4ce08088958e5ddefa1b&render_js=true&block_assets=true
Song Yao	https://www.songyao.org	409 Client Error: Conflict for url: https://api.scrapingant.com/v2/general?url=https%3A%2F%2Fwww.songyao.org&x-api-key=cd2d9aca82fc4ce08088958e5ddefa1b&render_js=true&block_assets=true
Siyuan Ding	https://sdinglab.wustl.edu/	409 Client Error: Conflict for url: https://api.scrapingant.com/v2/general?url=https%3A%2F%2Fsdinglab.wustl.edu%2F&x-api-key=cd2d9aca82fc4ce08088958e5ddefa1b&render_js=true&block_assets=true
Shuo Wang	http://sites.wustl.edu/wanglab/	409 Client Error: Conflict for url: https://api.scrapingant.com/v2/general?url=http%3A%2F%2Fsites.wustl.edu%2Fwanglab%2F&x-api-key=cd2d9aca82fc4ce08088958e5ddefa1b&render_js=true&block_assets=true
Shiming Chen	https://ophthalmology.wustl.edu/people/shiming-chen-phd/	409 Client Error: Conflict for url: https://api.scrapingant.com/v2/general?url=https%3A%2F%2Fophthalmology.wustl.edu%2Fpeople%2Fshiming-chen-phd%2F&x-api-key=cd2d9aca82fc4ce08088958e5ddefa1b&render_js=true&block_assets=true
Sheng Ran	https://sites.wustl.edu/sran/	409 Client Error: Conflict for url: https://api.scrapingant.com/v2/general?url=https%3A%2F%2Fsites.wustl.edu%2Fsran%2F&x-api-key=cd2d9aca82fc4ce08088958e5ddefa1b&render_js=true&block_assets=true
Ruopeng An	https://brownschool.wustl.edu/Faculty-and-Research/Pages/Ruopeng-An.aspx	409 Client Error: Conflict for url: https://api.scrapingant.com/v2/general?url=https%3A%2F%2Fbrownschool.wustl.edu%2FFaculty-and-Research%2FPages%2FRuopeng-An.aspx&x-api-key=cd2d9aca82fc4ce08088958e5ddefa1b&render_js=true&block_assets=true
Qingyun Li	https://neuroscience.wustl.edu/people/tristan-qingyun-li-phd/	409 Client Error: Conflict for url: https://api.scrapingant.com/v2/general?url=https%3A%2F%2Fneuroscience.wustl.edu%2Fpeople%2Ftristan-qingyun-li-phd%2F&x-api-key=cd2d9aca82fc4ce08088958e5ddefa1b&render_js=true&block_assets=true
Peng Bai	https://bailab.wustl.edu	409 Client Error: Conflict for url: https://api.scrapingant.com/v2/general?url=https%3A%2F%2Fbailab.wustl.edu&x-api-key=cd2d9aca82fc4ce08088958e5ddefa1b&render_js=true&block_assets=true
Ning Zhang	https://cybersecurity.seas.wustl.edu/ning/index.html	409 Client Error: Conflict for url: https://api.scrapingant.com/v2/general?url=https%3A%2F%2Fcybersecurity.seas.wustl.edu%2Fning%2Findex.html&x-api-key=cd2d9aca82fc4ce08088958e5ddefa1b&render_js=true&block_assets=true
Luqi Chi	https://sleep.wustl.edu/people/luqi-chi-md-msce-facp/	409 Client Error: Conflict for url: https://api.scrapingant.com/v2/general?url=https%3A%2F%2Fsleep.wustl.edu%2Fpeople%2Fluqi-chi-md-msce-facp%2F&x-api-key=cd2d9aca82fc4ce08088958e5ddefa1b&render_js=true&block_assets=true
Lingxiu Dong	https://olin.wustl.edu/EN-US/Faculty-Research/Faculty/Pages/FacultyDetail.aspx?username=dong	HTTPSConnectionPool(host='api.scrapingant.com', port=443): Read timed out. (read timeout=30)
Linda Wu	https://www.linkedin.com/in/drlindawu/	409 Client Error: Conflict for url: https://api.scrapingant.com/v2/general?url=https%3A%2F%2Fwww.linkedin.com%2Fin%2Fdrlindawu%2F&x-api-key=cd2d9aca82fc4ce08088958e5ddefa1b&render_js=true&block_assets=true
Liang Ma	https://dermatology.wustl.edu/people/liang-ma-phd/	409 Client Error: Conflict for url: https://api.scrapingant.com/v2/general?url=https%3A%2F%2Fdermatology.wustl.edu%2Fpeople%2Fliang-ma-phd%2F&x-api-key=cd2d9aca82fc4ce08088958e5ddefa1b&render_js=true&block_assets=true
Liang Shan	https://sites.wustl.edu/shanlab/	409 Client Error: Conflict for url: https://api.scrapingant.com/v2/general?url=https%3A%2F%2Fsites.wustl.edu%2Fshanlab%2F&x-api-key=cd2d9aca82fc4ce08088958e5ddefa1b&render_js=true&block_assets=true
Li Yang	https://web.physics.wustl.edu/lyang/Pages/Home/index.php	409 Client Error: Conflict for url: https://api.scrapingant.com/v2/general?url=https%3A%2F%2Fweb.physics.wustl.edu%2Flyang%2FPages%2FHome%2Findex.php&x-api-key=cd2d9aca82fc4ce08088958e5ddefa1b&render_js=true&block_assets=true
Leyao Wang	https://sites.wustl.edu/leyaowanglab/	409 Client Error: Conflict for url: https://api.scrapingant.com/v2/general?url=https%3A%2F%2Fsites.wustl.edu%2Fleyaowanglab%2F&x-api-key=cd2d9aca82fc4ce08088958e5ddefa1b&render_js=true&block_assets=true
Lei Liu	https://biostatistics.wustl.edu/faculty-staff/908/	409 Client Error: Conflict for url: https://api.scrapingant.com/v2/general?url=https%3A%2F%2Fbiostatistics.wustl.edu%2Ffaculty-staff%2F908%2F&x-api-key=cd2d9aca82fc4ce08088958e5ddefa1b&render_js=true&block_assets=true
Jung-Tsung Shen	https://quantumgroup.wustl.edu	409 Client Error: Conflict for url: https://api.scrapingant.com/v2/general?url=https%3A%2F%2Fquantumgroup.wustl.edu&x-api-key=cd2d9aca82fc4ce08088958e5ddefa1b&render_js=true&block_assets=true
JING HUGHES	https://sites.wustl.edu/hughes/	409 Client Error: Conflict for url: https://api.scrapingant.com/v2/general?url=https%3A%2F%2Fsites.wustl.edu%2Fhughes%2F&x-api-key=cd2d9aca82fc4ce08088958e5ddefa1b&render_js=true&block_assets=true
Jieya Shao	https://www.shaolab.org	409 Client Error: Conflict for url: https://api.scrapingant.com/v2/general?url=https%3A%2F%2Fwww.shaolab.org&x-api-key=cd2d9aca82fc4ce08088958e5ddefa1b&render_js=true&block_assets=true
I-Ting Lee	https://www.cse.wustl.edu/~angelee	409 Client Error: Conflict for url: https://api.scrapingant.com/v2/general?url=https%3A%2F%2Fwww.cse.wustl.edu%2F~angelee&x-api-key=cd2d9aca82fc4ce08088958e5ddefa1b&render_js=true&block_assets=true
Hua Li	https://sites.wustl.edu/huali/	409 Client Error: Conflict for url: https://api.scrapingant.com/v2/general?url=https%3A%2F%2Fsites.wustl.edu%2Fhuali%2F&x-api-key=cd2d9aca82fc4ce08088958e5ddefa1b&render_js=true&block_assets=true
Hongzhen Hu	https://itch.wustl.edu/people/hongzhen-hu-phd/;	409 Client Error: Conflict for url: https://api.scrapingant.com/v2/general?url=https%3A%2F%2Fitch.wustl.edu%2Fpeople%2Fhongzhen-hu-phd%2F%3B&x-api-key=cd2d9aca82fc4ce08088958e5ddefa1b&render_js=true&block_assets=true