http://sites.wustl.edu/wanglab/
http://wang.wustl.edu
http://youlab.wustl.edu
https://artsci.wustl.edu/faculty-staff/xuehua-zhong
https://axil.wustl.edu
https://bailab.wustl.edu
https://biology.wustl.edu/people/shuiming-qian
https://biostatistics.wustl.edu/faculty-staff/908/
https://brownschool.wustl.edu/Faculty-and-Research/Pages/Ruopeng-An.aspx
https://chemistry.wustl.edu/people/yan-yu
https://cybersecurity.seas.wustl.edu/ning/index.html
https://dermatology.wustl.edu/people/liang-ma-phd/
https://ealc.wustl.edu/people/jue-lu
https://ebbl.eece.wustl.edu/
https://itch.wustl.edu/people/hongzhen-hu-phd/;
https://neuroscience.wustl.edu/people/tristan-qingyun-li-phd/
https://olin.wustl.edu/EN-US/Faculty-Research/Faculty/Pages/FacultyDetail.aspx?username=chan
https://olin.wustl.edu/EN-US/Faculty-Research/Faculty/Pages/FacultyDetail.aspx?username=dong
https://ophthalmology.wustl.edu/people/shiming-chen-phd/
https://pathology.wustl.edu/people/xiaoxiao-wan-phd/
https://quantumgroup.wustl.edu
https://rheumatology.wustl.edu/people/xiaobo-wu-md/
https://sdinglab.wustl.edu/
https://siteman.wustl.edu/doctor/du-kefu/
https://sites.google.com/view/alanchang
https://sites.google.com/view/yajieyuan
https://sites.wustl.edu/dbrcaolab/
https://sites.wustl.edu/gesc
https://sites.wustl.edu/huali/
https://sites.wustl.edu/hughes/
https://sites.wustl.edu/leyaowanglab/
https://sites.wustl.edu/shanlab/
https://sites.wustl.edu/sran/
https://sites.wustl.edu/zhiyudai/
https://sleep.wustl.edu/people/luqi-chi-md-msce-facp/
https://uscmarshallweb.s3-us-west-2.amazonaws.com/assets/uploads/s1/cv/jino_lu.jino_lu-cv_hr25zfcooh.pdf
https://web.physics.wustl.edu/lyang/Pages/Home/index.php
https://weikailab.wustl.edu/
https://www.cse.wustl.edu/~angelee
https://www.linkedin.com/in/drlindawu/
https://www.shaolab.org
https://www.songyao.org
https://www.xinghuang.info
https://xiang-hui.org
https://yelilab.wustl.edu/